# JRE version: OpenJDK Runtime Environment JBR-17.0.12+1-1207.37-nomod (17.0.12+1) (build 17.0.12+1-b1207.37)
# Java VM: OpenJDK 64-Bit Server VM JBR-17.0.12+1-1207.37-nomod (17.0.12+1-b1207.37, mixed mode, emulated-client, sharing, tiered, compressed oops, compressed class ptrs, g1 gc, windows-amd64)
GC Precious Log:
 CPUs: 12 total, 12 available
 Memory: 16068M
 Large Page Support: Disabled
 NUMA Support: Disabled
 Compressed Oops: Enabled (Zero based)
 Heap Region Size: 2M
 Heap Min Capacity: 8M
 Heap Initial Capacity: 252M
 Heap Max Capacity: 4018M
 Pre-touch: Disabled
 Parallel Workers: 10
 Concurrent Workers: 3
 Concurrent Refinement Workers: 10
 Periodic GC: Disabled
Heap:
 garbage-first heap   total 186368K, used 62166K [0x0000000704e00000, 0x0000000800000000)
  region size 2048K, 3 young (6144K), 3 survivors (6144K)
 Metaspace       used 81563K, committed 82176K, reserved 1179648K
  class space    used 11495K, committed 11776K, reserved 1048576K
GC Heap History (20 events):
Event: 4.818 GC heap after
{Heap after GC invocations=12 (full 0):
 garbage-first heap   total 122880K, used 42789K [0x0000000704e00000, 0x0000000800000000)
  region size 2048K, 3 young (6144K), 3 survivors (6144K)
 Metaspace       used 52349K, committed 52864K, reserved 1114112K
  class space    used 7527K, committed 7744K, reserved 1048576K
}
Event: 5.187 GC heap before
{Heap before GC invocations=12 (full 0):
 garbage-first heap   total 122880K, used 81701K [0x0000000704e00000, 0x0000000800000000)
  region size 2048K, 24 young (49152K), 3 survivors (6144K)
 Metaspace       used 59991K, committed 60416K, reserved 1114112K
  class space    used 8769K, committed 8960K, reserved 1048576K
}
Event: 5.195 GC heap after
{Heap after GC invocations=13 (full 0):
 garbage-first heap   total 147456K, used 44174K [0x0000000704e00000, 0x0000000800000000)
  region size 2048K, 3 young (6144K), 3 survivors (6144K)
 Metaspace       used 59991K, committed 60416K, reserved 1114112K
  class space    used 8769K, committed 8960K, reserved 1048576K
}
Event: 6.053 GC heap before
{Heap before GC invocations=14 (full 0):
 garbage-first heap   total 147456K, used 113806K [0x0000000704e00000, 0x0000000800000000)
  region size 2048K, 37 young (75776K), 3 survivors (6144K)
 Metaspace       used 64272K, committed 64832K, reserved 1114112K
  class space    used 9496K, committed 9728K, reserved 1048576K
}
Event: 6.060 GC heap after
{Heap after GC invocations=15 (full 0):
 garbage-first heap   total 147456K, used 47844K [0x0000000704e00000, 0x0000000800000000)
  region size 2048K, 5 young (10240K), 5 survivors (10240K)
 Metaspace       used 64272K, committed 64832K, reserved 1114112K
  class space    used 9496K, committed 9728K, reserved 1048576K
}
Event: 6.403 GC heap before
{Heap before GC invocations=15 (full 0):
 garbage-first heap   total 147456K, used 113380K [0x0000000704e00000, 0x0000000800000000)
  region size 2048K, 37 young (75776K), 5 survivors (10240K)
 Metaspace       used 71316K, committed 71936K, reserved 1114112K
  class space    used 10699K, committed 11008K, reserved 1048576K
}
Event: 6.414 GC heap after
{Heap after GC invocations=16 (full 0):
 garbage-first heap   total 147456K, used 52570K [0x0000000704e00000, 0x0000000800000000)
  region size 2048K, 5 young (10240K), 5 survivors (10240K)
 Metaspace       used 71316K, committed 71936K, reserved 1114112K
  class space    used 10699K, committed 11008K, reserved 1048576K
}
Event: 6.702 GC heap before
{Heap before GC invocations=16 (full 0):
 garbage-first heap   total 147456K, used 114010K [0x0000000704e00000, 0x0000000800000000)
  region size 2048K, 35 young (71680K), 5 survivors (10240K)
 Metaspace       used 74002K, committed 74688K, reserved 1114112K
  class space    used 11063K, committed 11392K, reserved 1048576K
}
Event: 6.708 GC heap after
{Heap after GC invocations=17 (full 0):
 garbage-first heap   total 147456K, used 55765K [0x0000000704e00000, 0x0000000800000000)
  region size 2048K, 5 young (10240K), 5 survivors (10240K)
 Metaspace       used 74002K, committed 74688K, reserved 1114112K
  class space    used 11063K, committed 11392K, reserved 1048576K
}
Event: 6.866 GC heap before
{Heap before GC invocations=17 (full 0):
 garbage-first heap   total 147456K, used 113109K [0x0000000704e00000, 0x0000000800000000)
  region size 2048K, 33 young (67584K), 5 survivors (10240K)
 Metaspace       used 74806K, committed 75456K, reserved 1114112K
  class space    used 11200K, committed 11520K, reserved 1048576K
}
Event: 6.871 GC heap after
{Heap after GC invocations=18 (full 0):
 garbage-first heap   total 147456K, used 58517K [0x0000000704e00000, 0x0000000800000000)
  region size 2048K, 4 young (8192K), 4 survivors (8192K)
 Metaspace       used 74806K, committed 75456K, reserved 1114112K
  class space    used 11200K, committed 11520K, reserved 1048576K
}
Event: 7.095 GC heap before
{Heap before GC invocations=18 (full 0):
 garbage-first heap   total 147456K, used 115861K [0x0000000704e00000, 0x0000000800000000)
  region size 2048K, 32 young (65536K), 4 survivors (8192K)
 Metaspace       used 76214K, committed 76864K, reserved 1179648K
  class space    used 11375K, committed 11648K, reserved 1048576K
}
Event: 7.100 GC heap after
{Heap after GC invocations=19 (full 0):
 garbage-first heap   total 180224K, used 60384K [0x0000000704e00000, 0x0000000800000000)
  region size 2048K, 3 young (6144K), 3 survivors (6144K)
 Metaspace       used 76214K, committed 76864K, reserved 1179648K
  class space    used 11375K, committed 11648K, reserved 1048576K
}
Event: 7.278 GC heap before
{Heap before GC invocations=19 (full 0):
 garbage-first heap   total 180224K, used 144352K [0x0000000704e00000, 0x0000000800000000)
  region size 2048K, 44 young (90112K), 3 survivors (6144K)
 Metaspace       used 76863K, committed 77504K, reserved 1179648K
  class space    used 11459K, committed 11776K, reserved 1048576K
}
Event: 7.282 GC heap after
{Heap after GC invocations=20 (full 0):
 garbage-first heap   total 180224K, used 61904K [0x0000000704e00000, 0x0000000800000000)
  region size 2048K, 4 young (8192K), 4 survivors (8192K)
 Metaspace       used 76863K, committed 77504K, reserved 1179648K
  class space    used 11459K, committed 11776K, reserved 1048576K
}
Event: 7.457 GC heap before
{Heap before GC invocations=20 (full 0):
 garbage-first heap   total 180224K, used 145872K [0x0000000704e00000, 0x0000000800000000)
  region size 2048K, 45 young (92160K), 4 survivors (8192K)
 Metaspace       used 77069K, committed 77696K, reserved 1179648K
  class space    used 11481K, committed 11776K, reserved 1048576K
}
Event: 7.461 GC heap after
{Heap after GC invocations=21 (full 0):
 garbage-first heap   total 180224K, used 62127K [0x0000000704e00000, 0x0000000800000000)
  region size 2048K, 4 young (8192K), 4 survivors (8192K)
 Metaspace       used 77069K, committed 77696K, reserved 1179648K
  class space    used 11481K, committed 11776K, reserved 1048576K
}
Event: 7.700 GC heap before
{Heap before GC invocations=21 (full 0):
 garbage-first heap   total 180224K, used 154287K [0x0000000704e00000, 0x0000000800000000)
  region size 2048K, 46 young (94208K), 4 survivors (8192K)
 Metaspace       used 81563K, committed 82176K, reserved 1179648K
  class space    used 11495K, committed 11776K, reserved 1048576K
}
Event: 7.703 GC heap after
{Heap after GC invocations=22 (full 0):
 garbage-first heap   total 180224K, used 62400K [0x0000000704e00000, 0x0000000800000000)
  region size 2048K, 3 young (6144K), 3 survivors (6144K)
 Metaspace       used 81563K, committed 82176K, reserved 1179648K
  class space    used 11495K, committed 11776K, reserved 1048576K
}
Event: 7.868 GC heap before
{Heap before GC invocations=22 (full 0):
 garbage-first heap   total 180224K, used 150464K [0x0000000704e00000, 0x0000000800000000)
  region size 2048K, 46 young (94208K), 3 survivors (6144K)
 Metaspace       used 81563K, committed 82176K, reserved 1179648K
  class space    used 11495K, committed 11776K, reserved 1048576K
}

